<?xml version="1.0" encoding="UTF-8"?>
<testng-results ignored="0" total="2" passed="2" failed="0" skipped="0">
  <reporter-output>
  </reporter-output>
  <suite started-at="2021-04-22T11:05:28Z" name="SliderTest" finished-at="2021-04-22T11:05:53Z" duration-ms="25067">
    <groups>
    </groups>
    <test started-at="2021-04-22T11:05:28Z" name="SliderTest-FF" finished-at="2021-04-22T11:05:44Z" duration-ms="16275">
      <class name="com.herokuapp.theinternet.slidertest.SliderTest">
        <test-method is-config="true" signature="setUp(java.lang.String, org.testng.ITestContext)[pri:0, instance:com.herokuapp.theinternet.slidertest.SliderTest@192c3f1e]" started-at="2021-04-22T11:05:28Z" name="setUp" finished-at="2021-04-22T11:05:34Z" duration-ms="6041" status="PASS">
          <params>
            <param index="0">
              <value>
                <![CDATA[chrome]]>
              </value>
            </param>
            <param index="1">
              <value>
                <![CDATA[org.testng.TestRunner@70101687]]>
              </value>
            </param>
          </params>
          <reporter-output>
          </reporter-output>
        </test-method> <!-- setUp -->
        <test-method signature="horizontalSliderTest()[pri:0, instance:com.herokuapp.theinternet.slidertest.SliderTest@192c3f1e]" started-at="2021-04-22T11:05:34Z" name="horizontalSliderTest" finished-at="2021-04-22T11:05:44Z" duration-ms="9495" status="PASS">
          <reporter-output>
          </reporter-output>
        </test-method> <!-- horizontalSliderTest -->
        <test-method is-config="true" signature="tearDown()[pri:0, instance:com.herokuapp.theinternet.slidertest.SliderTest@192c3f1e]" started-at="2021-04-22T11:05:44Z" name="tearDown" finished-at="2021-04-22T11:05:44Z" duration-ms="719" status="PASS">
          <reporter-output>
          </reporter-output>
        </test-method> <!-- tearDown -->
      </class> <!-- com.herokuapp.theinternet.slidertest.SliderTest -->
    </test> <!-- SliderTest-FF -->
    <test started-at="2021-04-22T11:05:45Z" name="SliderTest-CH" finished-at="2021-04-22T11:05:53Z" duration-ms="8727">
      <class name="com.herokuapp.theinternet.slidertest.SliderTest">
        <test-method is-config="true" signature="setUp(java.lang.String, org.testng.ITestContext)[pri:0, instance:com.herokuapp.theinternet.slidertest.SliderTest@6ff29830]" started-at="2021-04-22T11:05:45Z" name="setUp" finished-at="2021-04-22T11:05:48Z" duration-ms="3546" status="PASS">
          <params>
            <param index="0">
              <value>
                <![CDATA[firefox]]>
              </value>
            </param>
            <param index="1">
              <value>
                <![CDATA[org.testng.TestRunner@70e889e9]]>
              </value>
            </param>
          </params>
          <reporter-output>
          </reporter-output>
        </test-method> <!-- setUp -->
        <test-method signature="horizontalSliderTest()[pri:0, instance:com.herokuapp.theinternet.slidertest.SliderTest@6ff29830]" started-at="2021-04-22T11:05:48Z" name="horizontalSliderTest" finished-at="2021-04-22T11:05:53Z" duration-ms="4417" status="PASS">
          <reporter-output>
          </reporter-output>
        </test-method> <!-- horizontalSliderTest -->
        <test-method is-config="true" signature="tearDown()[pri:0, instance:com.herokuapp.theinternet.slidertest.SliderTest@6ff29830]" started-at="2021-04-22T11:05:53Z" name="tearDown" finished-at="2021-04-22T11:05:53Z" duration-ms="761" status="PASS">
          <reporter-output>
          </reporter-output>
        </test-method> <!-- tearDown -->
      </class> <!-- com.herokuapp.theinternet.slidertest.SliderTest -->
    </test> <!-- SliderTest-CH -->
  </suite> <!-- SliderTest -->
</testng-results>
