<?xml version="1.0" encoding="UTF-8"?>
<testng-results ignored="0" total="1" passed="1" failed="0" skipped="0">
  <reporter-output>
  </reporter-output>
  <suite started-at="2021-04-13T16:05:03Z" name="Default suite" finished-at="2021-04-13T16:05:14Z" duration-ms="11126">
    <groups>
    </groups>
    <test started-at="2021-04-13T16:05:03Z" name="Default test" finished-at="2021-04-13T16:05:14Z" duration-ms="11126">
      <class name="com.herokuapp.theinternet.hoverovertest.HoverOverTest">
        <test-method is-config="true" signature="setUp(java.lang.String, org.testng.ITestContext)[pri:0, instance:com.herokuapp.theinternet.hoverovertest.HoverOverTest@352ff4da]" started-at="2021-04-13T16:05:03Z" name="setUp" finished-at="2021-04-13T16:05:09Z" duration-ms="5947" status="PASS">
          <params>
            <param index="0">
              <value>
                <![CDATA[chrome]]>
              </value>
            </param>
            <param index="1">
              <value>
                <![CDATA[org.testng.TestRunner@c6da8bb]]>
              </value>
            </param>
          </params>
          <reporter-output>
          </reporter-output>
        </test-method> <!-- setUp -->
        <test-method signature="HoversTest()[pri:1, instance:com.herokuapp.theinternet.hoverovertest.HoverOverTest@352ff4da]" started-at="2021-04-13T16:05:09Z" name="HoversTest" finished-at="2021-04-13T16:05:13Z" duration-ms="4458" status="PASS">
          <reporter-output>
          </reporter-output>
        </test-method> <!-- HoversTest -->
        <test-method is-config="true" signature="tearDown()[pri:0, instance:com.herokuapp.theinternet.hoverovertest.HoverOverTest@352ff4da]" started-at="2021-04-13T16:05:13Z" name="tearDown" finished-at="2021-04-13T16:05:14Z" duration-ms="699" status="PASS">
          <reporter-output>
          </reporter-output>
        </test-method> <!-- tearDown -->
      </class> <!-- com.herokuapp.theinternet.hoverovertest.HoverOverTest -->
    </test> <!-- Default test -->
  </suite> <!-- Default suite -->
</testng-results>
